2024-10-07 15:16:43,588 - DEBUG - STREAM b'IHDR' 16 13
2024-10-07 15:16:43,588 - DEBUG - STREAM b'pHYs' 41 9
2024-10-07 15:16:43,588 - DEBUG - STREAM b'iTXt' 62 1278
2024-10-07 15:16:43,588 - DEBUG - STREAM b'IDAT' 1352 7174
2024-10-07 15:16:43,589 - DEBUG - STREAM b'IHDR' 16 13
2024-10-07 15:16:43,589 - DEBUG - STREAM b'pHYs' 41 9
2024-10-07 15:16:43,589 - DEBUG - STREAM b'iTXt' 62 1278
2024-10-07 15:16:43,589 - DEBUG - STREAM b'IDAT' 1352 7174
2024-10-07 15:16:43,596 - INFO - Project: Dashboards
2024-10-07 15:16:45,202 - DEBUG - STREAM b'IHDR' 16 13
2024-10-07 15:16:45,202 - DEBUG - STREAM b'pHYs' 41 9
2024-10-07 15:16:45,202 - DEBUG - STREAM b'iTXt' 62 1278
2024-10-07 15:16:45,202 - DEBUG - STREAM b'IDAT' 1352 7174
2024-10-07 15:16:45,203 - DEBUG - STREAM b'IHDR' 16 13
2024-10-07 15:16:45,203 - DEBUG - STREAM b'pHYs' 41 9
2024-10-07 15:16:45,203 - DEBUG - STREAM b'iTXt' 62 1278
2024-10-07 15:16:45,203 - DEBUG - STREAM b'IDAT' 1352 7174
2024-10-07 15:16:45,213 - INFO - Project: Dashboards
2024-10-07 15:17:35,682 - DEBUG - STREAM b'IHDR' 16 13
2024-10-07 15:17:35,682 - DEBUG - STREAM b'pHYs' 41 9
2024-10-07 15:17:35,682 - DEBUG - STREAM b'iTXt' 62 1278
2024-10-07 15:17:35,682 - DEBUG - STREAM b'IDAT' 1352 7174
2024-10-07 15:17:35,683 - DEBUG - STREAM b'IHDR' 16 13
2024-10-07 15:17:35,683 - DEBUG - STREAM b'pHYs' 41 9
2024-10-07 15:17:35,683 - DEBUG - STREAM b'iTXt' 62 1278
2024-10-07 15:17:35,683 - DEBUG - STREAM b'IDAT' 1352 7174
2024-10-07 15:17:35,688 - INFO - Project: Dashboards
2024-10-07 15:18:11,732 - DEBUG - STREAM b'IHDR' 16 13
2024-10-07 15:18:11,732 - DEBUG - STREAM b'pHYs' 41 9
2024-10-07 15:18:11,732 - DEBUG - STREAM b'iTXt' 62 1278
2024-10-07 15:18:11,732 - DEBUG - STREAM b'IDAT' 1352 7174
2024-10-07 15:18:11,733 - DEBUG - STREAM b'IHDR' 16 13
2024-10-07 15:18:11,733 - DEBUG - STREAM b'pHYs' 41 9
2024-10-07 15:18:11,733 - DEBUG - STREAM b'iTXt' 62 1278
2024-10-07 15:18:11,733 - DEBUG - STREAM b'IDAT' 1352 7174
2024-10-07 15:18:11,739 - INFO - Project: Dashboards
2024-10-07 15:18:54,777 - DEBUG - STREAM b'IHDR' 16 13
2024-10-07 15:18:54,778 - DEBUG - STREAM b'pHYs' 41 9
2024-10-07 15:18:54,778 - DEBUG - STREAM b'iTXt' 62 1278
2024-10-07 15:18:54,778 - DEBUG - STREAM b'IDAT' 1352 7174
2024-10-07 15:18:54,778 - DEBUG - STREAM b'IHDR' 16 13
2024-10-07 15:18:54,778 - DEBUG - STREAM b'pHYs' 41 9
2024-10-07 15:18:54,778 - DEBUG - STREAM b'iTXt' 62 1278
2024-10-07 15:18:54,778 - DEBUG - STREAM b'IDAT' 1352 7174
2024-10-07 15:18:54,780 - INFO - Project: Dashboards
2024-10-07 15:19:12,322 - DEBUG - STREAM b'IHDR' 16 13
2024-10-07 15:19:12,322 - DEBUG - STREAM b'pHYs' 41 9
2024-10-07 15:19:12,322 - DEBUG - STREAM b'iTXt' 62 1278
2024-10-07 15:19:12,322 - DEBUG - STREAM b'IDAT' 1352 7174
2024-10-07 15:19:12,322 - DEBUG - STREAM b'IHDR' 16 13
2024-10-07 15:19:12,322 - DEBUG - STREAM b'pHYs' 41 9
2024-10-07 15:19:12,323 - DEBUG - STREAM b'iTXt' 62 1278
2024-10-07 15:19:12,323 - DEBUG - STREAM b'IDAT' 1352 7174
2024-10-07 15:19:12,341 - INFO - Project: Dashboards
2024-10-07 15:19:19,351 - DEBUG - STREAM b'IHDR' 16 13
2024-10-07 15:19:19,351 - DEBUG - STREAM b'pHYs' 41 9
2024-10-07 15:19:19,351 - DEBUG - STREAM b'iTXt' 62 1278
2024-10-07 15:19:19,351 - DEBUG - STREAM b'IDAT' 1352 7174
2024-10-07 15:19:19,352 - DEBUG - STREAM b'IHDR' 16 13
2024-10-07 15:19:19,352 - DEBUG - STREAM b'pHYs' 41 9
2024-10-07 15:19:19,352 - DEBUG - STREAM b'iTXt' 62 1278
2024-10-07 15:19:19,352 - DEBUG - STREAM b'IDAT' 1352 7174
2024-10-07 15:19:19,357 - INFO - Project: Dashboards
2024-10-07 15:19:22,190 - DEBUG - STREAM b'IHDR' 16 13
2024-10-07 15:19:22,191 - DEBUG - STREAM b'pHYs' 41 9
2024-10-07 15:19:22,191 - DEBUG - STREAM b'iTXt' 62 1278
2024-10-07 15:19:22,191 - DEBUG - STREAM b'IDAT' 1352 7174
2024-10-07 15:19:22,191 - DEBUG - STREAM b'IHDR' 16 13
2024-10-07 15:19:22,191 - DEBUG - STREAM b'pHYs' 41 9
2024-10-07 15:19:22,191 - DEBUG - STREAM b'iTXt' 62 1278
2024-10-07 15:19:22,192 - DEBUG - STREAM b'IDAT' 1352 7174
2024-10-07 15:19:22,197 - INFO - Project: Dashboards
2024-10-07 15:20:02,628 - DEBUG - STREAM b'IHDR' 16 13
2024-10-07 15:20:02,628 - DEBUG - STREAM b'pHYs' 41 9
2024-10-07 15:20:02,629 - DEBUG - STREAM b'iTXt' 62 1278
2024-10-07 15:20:02,629 - DEBUG - STREAM b'IDAT' 1352 7174
2024-10-07 15:20:02,629 - DEBUG - STREAM b'IHDR' 16 13
2024-10-07 15:20:02,629 - DEBUG - STREAM b'pHYs' 41 9
2024-10-07 15:20:02,629 - DEBUG - STREAM b'iTXt' 62 1278
2024-10-07 15:20:02,629 - DEBUG - STREAM b'IDAT' 1352 7174
2024-10-07 15:20:02,636 - INFO - Project: SSRS Reports
2024-10-07 15:20:21,536 - DEBUG - STREAM b'IHDR' 16 13
2024-10-07 15:20:21,536 - DEBUG - STREAM b'pHYs' 41 9
2024-10-07 15:20:21,536 - DEBUG - STREAM b'iTXt' 62 1278
2024-10-07 15:20:21,536 - DEBUG - STREAM b'IDAT' 1352 7174
2024-10-07 15:20:21,536 - DEBUG - STREAM b'IHDR' 16 13
2024-10-07 15:20:21,536 - DEBUG - STREAM b'pHYs' 41 9
2024-10-07 15:20:21,536 - DEBUG - STREAM b'iTXt' 62 1278
2024-10-07 15:20:21,536 - DEBUG - STREAM b'IDAT' 1352 7174
2024-10-07 15:20:21,543 - INFO - Project: SSRS Reports
2024-10-07 15:20:21,552 - DEBUG - Starting new HTTP connection (1): 192.168.5.182:80
2024-10-07 15:20:21,620 - DEBUG - http://192.168.5.182:80 "GET /Reportsmanager/Pages/ReportViewer.aspx?%2FInfeed700%2FIntake&rs:Command=Render&MinDate=2024-10-06&MaxDate=2024-08-31 HTTP/11" 401 0
2024-10-07 15:20:21,622 - DEBUG - NTLM step input: 
2024-10-07 15:20:21,622 - DEBUG - NTLM step output: TlRMTVNTUAABAAAAN4II4gAAAAAoAAAAAAAAACgAAAAACwEAAAAADw==
2024-10-07 15:20:21,657 - DEBUG - http://192.168.5.182:80 "GET /Reportsmanager/Pages/ReportViewer.aspx?%2FInfeed700%2FIntake&rs:Command=Render&MinDate=2024-10-06&MaxDate=2024-08-31 HTTP/11" 401 0
2024-10-07 15:20:21,658 - DEBUG - NTLM step input: TlRMTVNTUAACAAAADgAOADgAAAA1goniM1p3UYobAt4AAAAAAAAAALAAsABGAAAACgBjRQAAAA9EAEEAUwBNAEkATABMAAIADgBEAEEAUwBNAEkATABMAAEAFABTAFEATABTAEUAUgBWAEUAUgAxAAQAHABEAEEAUwBNAEkATABMAC4AaQBuAGYAZQBlAGQAAwAyAFMAUQBMAFMAZQByAHYAZQByADEALgBEAEEAUwBNAEkATABMAC4AaQBuAGYAZQBlAGQABQAcAEQAQQBTAE0ASQBMAEwALgBpAG4AZgBlAGUAZAAHAAgAa4UUC8QY2wEAAAAA
2024-10-07 15:20:21,661 - DEBUG - NTLM step output: TlRMTVNTUAADAAAAGAAYAFgAAAAQARABcAAAAAAAAACAAQAADgAOAIABAAAWABYAjgEAABAAEACkAQAANYKJ4gALAQAAAAAPi0HlqAtnKLoWIHAZo/vGzAAAAAAAAAAAAAAAAAAAAAAAAAAAAAAAALzR+49P28A/HewpkmLiyh8BAQAAAAAAAGuFFAvEGNsBv+yQaN+ppGYAAAAAAgAOAEQAQQBTAE0ASQBMAEwAAQAUAFMAUQBMAFMARQBSAFYARQBSADEABAAcAEQAQQBTAE0ASQBMAEwALgBpAG4AZgBlAGUAZAADADIAUwBRAEwAUwBlAHIAdgBlAHIAMQAuAEQAQQBTAE0ASQBMAEwALgBpAG4AZgBlAGUAZAAFABwARABBAFMATQBJAEwATAAuAGkAbgBmAGUAZQBkAAcACABrhRQLxBjbAQkAJABoAHQAdABwAC8AMQA5ADIALgAxADYAOAAuADUALgAxADgAMgAGAAQAAgAAAAAAAAAAAAAAUgBlAHAAbwByAHQAcwBOAEQAQQBTAEkATABWAEEAVwAxADAAfJ2r/dLLk1mslxWr99i5Vg==
2024-10-07 15:20:23,394 - DEBUG - http://192.168.5.182:80 "GET /Reportsmanager/Pages/ReportViewer.aspx?%2FInfeed700%2FIntake&rs:Command=Render&MinDate=2024-10-06&MaxDate=2024-08-31 HTTP/11" 200 982257
2024-10-07 15:20:26,479 - DEBUG - STREAM b'IHDR' 16 13
2024-10-07 15:20:26,480 - DEBUG - STREAM b'pHYs' 41 9
2024-10-07 15:20:26,480 - DEBUG - STREAM b'iTXt' 62 1278
2024-10-07 15:20:26,480 - DEBUG - STREAM b'IDAT' 1352 7174
2024-10-07 15:20:26,480 - DEBUG - STREAM b'IHDR' 16 13
2024-10-07 15:20:26,480 - DEBUG - STREAM b'pHYs' 41 9
2024-10-07 15:20:26,480 - DEBUG - STREAM b'iTXt' 62 1278
2024-10-07 15:20:26,480 - DEBUG - STREAM b'IDAT' 1352 7174
2024-10-07 15:20:26,487 - INFO - Project: SSRS Reports
2024-10-07 15:20:26,492 - DEBUG - Starting new HTTP connection (1): 192.168.5.182:80
2024-10-07 15:20:26,557 - DEBUG - http://192.168.5.182:80 "GET /Reportsmanager/Pages/ReportViewer.aspx?%2FInfeed700%2FIntake&rs:Command=Render&MinDate=2024-10-06&MaxDate=2024-10-07 HTTP/11" 401 0
2024-10-07 15:20:26,559 - DEBUG - NTLM step input: 
2024-10-07 15:20:26,559 - DEBUG - NTLM step output: TlRMTVNTUAABAAAAN4II4gAAAAAoAAAAAAAAACgAAAAACwEAAAAADw==
2024-10-07 15:20:26,605 - DEBUG - http://192.168.5.182:80 "GET /Reportsmanager/Pages/ReportViewer.aspx?%2FInfeed700%2FIntake&rs:Command=Render&MinDate=2024-10-06&MaxDate=2024-10-07 HTTP/11" 401 0
2024-10-07 15:20:26,606 - DEBUG - NTLM step input: TlRMTVNTUAACAAAADgAOADgAAAA1goni15Q8baMjMcgAAAAAAAAAALAAsABGAAAACgBjRQAAAA9EAEEAUwBNAEkATABMAAIADgBEAEEAUwBNAEkATABMAAEAFABTAFEATABTAEUAUgBWAEUAUgAxAAQAHABEAEEAUwBNAEkATABMAC4AaQBuAGYAZQBlAGQAAwAyAFMAUQBMAFMAZQByAHYAZQByADEALgBEAEEAUwBNAEkATABMAC4AaQBuAGYAZQBlAGQABQAcAEQAQQBTAE0ASQBMAEwALgBpAG4AZgBlAGUAZAAHAAgATu8DDsQY2wEAAAAA
2024-10-07 15:20:26,607 - DEBUG - NTLM step output: TlRMTVNTUAADAAAAGAAYAFgAAAAQARABcAAAAAAAAACAAQAADgAOAIABAAAWABYAjgEAABAAEACkAQAANYKJ4gALAQAAAAAPt5NMVNV2jA8MKo8hZ8P6twAAAAAAAAAAAAAAAAAAAAAAAAAAAAAAABCFJyjqpyjosp4KUSyR/vYBAQAAAAAAAE7vAw7EGNsBYI5j/uanY1sAAAAAAgAOAEQAQQBTAE0ASQBMAEwAAQAUAFMAUQBMAFMARQBSAFYARQBSADEABAAcAEQAQQBTAE0ASQBMAEwALgBpAG4AZgBlAGUAZAADADIAUwBRAEwAUwBlAHIAdgBlAHIAMQAuAEQAQQBTAE0ASQBMAEwALgBpAG4AZgBlAGUAZAAFABwARABBAFMATQBJAEwATAAuAGkAbgBmAGUAZQBkAAcACABO7wMOxBjbAQkAJABoAHQAdABwAC8AMQA5ADIALgAxADYAOAAuADUALgAxADgAMgAGAAQAAgAAAAAAAAAAAAAAUgBlAHAAbwByAHQAcwBOAEQAQQBTAEkATABWAEEAVwAxADAAvqC7lpYkduXrSm6I4U31eQ==
2024-10-07 15:20:28,285 - DEBUG - http://192.168.5.182:80 "GET /Reportsmanager/Pages/ReportViewer.aspx?%2FInfeed700%2FIntake&rs:Command=Render&MinDate=2024-10-06&MaxDate=2024-10-07 HTTP/11" 200 982257
2024-10-07 15:23:55,510 - DEBUG - STREAM b'IHDR' 16 13
2024-10-07 15:23:55,510 - DEBUG - STREAM b'pHYs' 41 9
2024-10-07 15:23:55,511 - DEBUG - STREAM b'iTXt' 62 1148
2024-10-07 15:23:55,511 - DEBUG - STREAM b'IDAT' 1222 8192
2024-10-07 15:23:55,511 - DEBUG - STREAM b'IHDR' 16 13
2024-10-07 15:23:55,511 - DEBUG - STREAM b'pHYs' 41 9
2024-10-07 15:23:55,511 - DEBUG - STREAM b'iTXt' 62 1148
2024-10-07 15:23:55,511 - DEBUG - STREAM b'IDAT' 1222 8192
2024-10-07 15:23:55,538 - INFO - Project: SSRS Reports
2024-10-07 15:24:55,566 - DEBUG - STREAM b'IHDR' 16 13
2024-10-07 15:24:55,566 - DEBUG - STREAM b'pHYs' 41 9
2024-10-07 15:24:55,566 - DEBUG - STREAM b'iTXt' 62 1148
2024-10-07 15:24:55,566 - DEBUG - STREAM b'IDAT' 1222 8192
2024-10-07 15:24:55,567 - DEBUG - STREAM b'IHDR' 16 13
2024-10-07 15:24:55,567 - DEBUG - STREAM b'pHYs' 41 9
2024-10-07 15:24:55,567 - DEBUG - STREAM b'iTXt' 62 1148
2024-10-07 15:24:55,568 - DEBUG - STREAM b'IDAT' 1222 8192
2024-10-07 15:24:55,574 - INFO - Project: Dashboards
2024-10-07 15:25:44,530 - DEBUG - STREAM b'IHDR' 16 13
2024-10-07 15:25:44,530 - DEBUG - STREAM b'pHYs' 41 9
2024-10-07 15:25:44,530 - DEBUG - STREAM b'iTXt' 62 1278
2024-10-07 15:25:44,530 - DEBUG - STREAM b'IDAT' 1352 8505
2024-10-07 15:25:44,530 - DEBUG - STREAM b'IHDR' 16 13
2024-10-07 15:25:44,531 - DEBUG - STREAM b'pHYs' 41 9
2024-10-07 15:25:44,531 - DEBUG - STREAM b'iTXt' 62 1278
2024-10-07 15:25:44,531 - DEBUG - STREAM b'IDAT' 1352 8505
2024-10-07 15:25:44,539 - INFO - Project: Dashboards
2024-10-07 15:25:48,991 - DEBUG - STREAM b'IHDR' 16 13
2024-10-07 15:25:48,992 - DEBUG - STREAM b'pHYs' 41 9
2024-10-07 15:25:48,992 - DEBUG - STREAM b'iTXt' 62 1278
2024-10-07 15:25:48,992 - DEBUG - STREAM b'IDAT' 1352 8505
2024-10-07 15:25:48,992 - DEBUG - STREAM b'IHDR' 16 13
2024-10-07 15:25:48,992 - DEBUG - STREAM b'pHYs' 41 9
2024-10-07 15:25:48,992 - DEBUG - STREAM b'iTXt' 62 1278
2024-10-07 15:25:48,992 - DEBUG - STREAM b'IDAT' 1352 8505
2024-10-07 15:25:48,998 - INFO - Project: Dashboards
2024-10-07 15:33:37,174 - DEBUG - STREAM b'IHDR' 16 13
2024-10-07 15:33:37,174 - DEBUG - STREAM b'pHYs' 41 9
2024-10-07 15:33:37,174 - DEBUG - STREAM b'iTXt' 62 1278
2024-10-07 15:33:37,174 - DEBUG - STREAM b'IDAT' 1352 8505
2024-10-07 15:33:37,174 - DEBUG - STREAM b'IHDR' 16 13
2024-10-07 15:33:37,175 - DEBUG - STREAM b'pHYs' 41 9
2024-10-07 15:33:37,175 - DEBUG - STREAM b'iTXt' 62 1278
2024-10-07 15:33:37,175 - DEBUG - STREAM b'IDAT' 1352 8505
2024-10-07 15:33:37,181 - INFO - Project: Dashboards
2024-10-07 15:34:25,854 - DEBUG - STREAM b'IHDR' 16 13
2024-10-07 15:34:25,854 - DEBUG - STREAM b'pHYs' 41 9
2024-10-07 15:34:25,855 - DEBUG - STREAM b'iTXt' 62 1278
2024-10-07 15:34:25,855 - DEBUG - STREAM b'IDAT' 1352 8505
2024-10-07 15:34:25,855 - DEBUG - STREAM b'IHDR' 16 13
2024-10-07 15:34:25,855 - DEBUG - STREAM b'pHYs' 41 9
2024-10-07 15:34:25,855 - DEBUG - STREAM b'iTXt' 62 1278
2024-10-07 15:34:25,855 - DEBUG - STREAM b'IDAT' 1352 8505
2024-10-07 15:34:25,861 - INFO - Project: Dashboards
2024-10-07 15:34:47,360 - DEBUG - STREAM b'IHDR' 16 13
2024-10-07 15:34:47,360 - DEBUG - STREAM b'pHYs' 41 9
2024-10-07 15:34:47,360 - DEBUG - STREAM b'iTXt' 62 1278
2024-10-07 15:34:47,361 - DEBUG - STREAM b'IDAT' 1352 8505
2024-10-07 15:34:47,361 - DEBUG - STREAM b'IHDR' 16 13
2024-10-07 15:34:47,361 - DEBUG - STREAM b'pHYs' 41 9
2024-10-07 15:34:47,361 - DEBUG - STREAM b'iTXt' 62 1278
2024-10-07 15:34:47,361 - DEBUG - STREAM b'IDAT' 1352 8505
2024-10-07 15:34:47,367 - INFO - Project: Dashboards
2024-10-07 15:35:16,153 - DEBUG - STREAM b'IHDR' 16 13
2024-10-07 15:35:16,153 - DEBUG - STREAM b'pHYs' 41 9
2024-10-07 15:35:16,153 - DEBUG - STREAM b'iTXt' 62 1278
2024-10-07 15:35:16,154 - DEBUG - STREAM b'IDAT' 1352 8505
2024-10-07 15:35:16,154 - DEBUG - STREAM b'IHDR' 16 13
2024-10-07 15:35:16,154 - DEBUG - STREAM b'pHYs' 41 9
2024-10-07 15:35:16,154 - DEBUG - STREAM b'iTXt' 62 1278
2024-10-07 15:35:16,154 - DEBUG - STREAM b'IDAT' 1352 8505
2024-10-07 15:35:16,160 - INFO - Project: Dashboards
2024-10-07 15:36:58,407 - DEBUG - STREAM b'IHDR' 16 13
2024-10-07 15:36:58,408 - DEBUG - STREAM b'pHYs' 41 9
2024-10-07 15:36:58,408 - DEBUG - STREAM b'iTXt' 62 1278
2024-10-07 15:36:58,408 - DEBUG - STREAM b'IDAT' 1352 8505
2024-10-07 15:36:58,408 - DEBUG - STREAM b'IHDR' 16 13
2024-10-07 15:36:58,409 - DEBUG - STREAM b'pHYs' 41 9
2024-10-07 15:36:58,409 - DEBUG - STREAM b'iTXt' 62 1278
2024-10-07 15:36:58,409 - DEBUG - STREAM b'IDAT' 1352 8505
2024-10-07 15:36:58,414 - INFO - Project: Dashboards
2024-10-07 15:37:11,367 - DEBUG - STREAM b'IHDR' 16 13
2024-10-07 15:37:11,367 - DEBUG - STREAM b'pHYs' 41 9
2024-10-07 15:37:11,367 - DEBUG - STREAM b'iTXt' 62 1278
2024-10-07 15:37:11,368 - DEBUG - STREAM b'IDAT' 1352 8505
2024-10-07 15:37:11,368 - DEBUG - STREAM b'IHDR' 16 13
2024-10-07 15:37:11,368 - DEBUG - STREAM b'pHYs' 41 9
2024-10-07 15:37:11,368 - DEBUG - STREAM b'iTXt' 62 1278
2024-10-07 15:37:11,368 - DEBUG - STREAM b'IDAT' 1352 8505
2024-10-07 15:37:11,375 - INFO - Project: Dashboards
2024-10-07 15:37:36,517 - DEBUG - STREAM b'IHDR' 16 13
2024-10-07 15:37:36,517 - DEBUG - STREAM b'pHYs' 41 9
2024-10-07 15:37:36,517 - DEBUG - STREAM b'iTXt' 62 1278
2024-10-07 15:37:36,517 - DEBUG - STREAM b'IDAT' 1352 8505
2024-10-07 15:37:36,517 - DEBUG - STREAM b'IHDR' 16 13
2024-10-07 15:37:36,517 - DEBUG - STREAM b'pHYs' 41 9
2024-10-07 15:37:36,517 - DEBUG - STREAM b'iTXt' 62 1278
2024-10-07 15:37:36,518 - DEBUG - STREAM b'IDAT' 1352 8505
2024-10-07 15:37:45,455 - DEBUG - STREAM b'IHDR' 16 13
2024-10-07 15:37:45,455 - DEBUG - STREAM b'pHYs' 41 9
2024-10-07 15:37:45,455 - DEBUG - STREAM b'iTXt' 62 1278
2024-10-07 15:37:45,456 - DEBUG - STREAM b'IDAT' 1352 8505
2024-10-07 15:37:45,456 - DEBUG - STREAM b'IHDR' 16 13
2024-10-07 15:37:45,456 - DEBUG - STREAM b'pHYs' 41 9
2024-10-07 15:37:45,456 - DEBUG - STREAM b'iTXt' 62 1278
2024-10-07 15:37:45,456 - DEBUG - STREAM b'IDAT' 1352 8505
2024-10-07 15:37:45,465 - INFO - Project: Dashboards
2024-10-07 15:37:48,550 - DEBUG - STREAM b'IHDR' 16 13
2024-10-07 15:37:48,550 - DEBUG - STREAM b'pHYs' 41 9
2024-10-07 15:37:48,551 - DEBUG - STREAM b'iTXt' 62 1278
2024-10-07 15:37:48,551 - DEBUG - STREAM b'IDAT' 1352 8505
2024-10-07 15:37:48,551 - DEBUG - STREAM b'IHDR' 16 13
2024-10-07 15:37:48,551 - DEBUG - STREAM b'pHYs' 41 9
2024-10-07 15:37:48,551 - DEBUG - STREAM b'iTXt' 62 1278
2024-10-07 15:37:48,551 - DEBUG - STREAM b'IDAT' 1352 8505
2024-10-07 15:37:48,557 - INFO - Project: Dashboards
2024-10-07 15:38:25,623 - DEBUG - STREAM b'IHDR' 16 13
2024-10-07 15:38:25,623 - DEBUG - STREAM b'pHYs' 41 9
2024-10-07 15:38:25,623 - DEBUG - STREAM b'iTXt' 62 1278
2024-10-07 15:38:25,623 - DEBUG - STREAM b'IDAT' 1352 8505
2024-10-07 15:38:25,624 - DEBUG - STREAM b'IHDR' 16 13
2024-10-07 15:38:25,624 - DEBUG - STREAM b'pHYs' 41 9
2024-10-07 15:38:25,624 - DEBUG - STREAM b'iTXt' 62 1278
2024-10-07 15:38:25,624 - DEBUG - STREAM b'IDAT' 1352 8505
2024-10-07 15:38:25,631 - INFO - Project: Dashboards
2024-10-07 15:38:36,283 - DEBUG - STREAM b'IHDR' 16 13
2024-10-07 15:38:36,284 - DEBUG - STREAM b'pHYs' 41 9
2024-10-07 15:38:36,284 - DEBUG - STREAM b'iTXt' 62 1278
2024-10-07 15:38:36,284 - DEBUG - STREAM b'IDAT' 1352 8505
2024-10-07 15:38:36,284 - DEBUG - STREAM b'IHDR' 16 13
2024-10-07 15:38:36,284 - DEBUG - STREAM b'pHYs' 41 9
2024-10-07 15:38:36,284 - DEBUG - STREAM b'iTXt' 62 1278
2024-10-07 15:38:36,284 - DEBUG - STREAM b'IDAT' 1352 8505
2024-10-07 15:38:36,294 - INFO - Project: SSRS Reports
2024-10-07 15:39:17,376 - DEBUG - STREAM b'IHDR' 16 13
2024-10-07 15:39:17,376 - DEBUG - STREAM b'pHYs' 41 9
2024-10-07 15:39:17,377 - DEBUG - STREAM b'iTXt' 62 1278
2024-10-07 15:39:17,377 - DEBUG - STREAM b'IDAT' 1352 8505
2024-10-07 15:39:17,377 - DEBUG - STREAM b'IHDR' 16 13
2024-10-07 15:39:17,377 - DEBUG - STREAM b'pHYs' 41 9
2024-10-07 15:39:17,377 - DEBUG - STREAM b'iTXt' 62 1278
2024-10-07 15:39:17,377 - DEBUG - STREAM b'IDAT' 1352 8505
2024-10-07 15:39:17,384 - INFO - Project: SSRS Reports
2024-10-07 15:39:42,937 - DEBUG - STREAM b'IHDR' 16 13
2024-10-07 15:39:42,937 - DEBUG - STREAM b'pHYs' 41 9
2024-10-07 15:39:42,937 - DEBUG - STREAM b'iTXt' 62 1278
2024-10-07 15:39:42,937 - DEBUG - STREAM b'IDAT' 1352 8505
2024-10-07 15:39:42,937 - DEBUG - STREAM b'IHDR' 16 13
2024-10-07 15:39:42,937 - DEBUG - STREAM b'pHYs' 41 9
2024-10-07 15:39:42,938 - DEBUG - STREAM b'iTXt' 62 1278
2024-10-07 15:39:42,938 - DEBUG - STREAM b'IDAT' 1352 8505
2024-10-07 15:39:42,945 - INFO - Project: SSRS Reports
2024-10-07 15:40:02,433 - DEBUG - STREAM b'IHDR' 16 13
2024-10-07 15:40:02,434 - DEBUG - STREAM b'pHYs' 41 9
2024-10-07 15:40:02,434 - DEBUG - STREAM b'iTXt' 62 1278
2024-10-07 15:40:02,434 - DEBUG - STREAM b'IDAT' 1352 8505
2024-10-07 15:40:02,434 - DEBUG - STREAM b'IHDR' 16 13
2024-10-07 15:40:02,434 - DEBUG - STREAM b'pHYs' 41 9
2024-10-07 15:40:02,434 - DEBUG - STREAM b'iTXt' 62 1278
2024-10-07 15:40:02,434 - DEBUG - STREAM b'IDAT' 1352 8505
2024-10-07 15:40:02,443 - INFO - Project: SSRS Reports
